
  .   ____          _            __ _ _
 /\\ / ___'_ __ _ _(_)_ __  __ _ \ \ \ \
( ( )\___ | '_ | '_| | '_ \/ _` | \ \ \ \
 \\/  ___)| |_)| | | | | || (_| |  ) ) ) )
  '  |____| .__|_| |_|_| |_\__, | / / / /
 =========|_|==============|___/=/_/_/_/
 :: Spring Boot ::                (v2.7.3)

2023-02-17 14:56:16.843  INFO [auth-server,,] 1 --- [           main] s.OAuth2AuthorizationServerApplication   : Starting OAuth2AuthorizationServerApplication using Java 17.0.4 on auth-server-76d8c786d4-4wzs7 with PID 1 (/application/BOOT-INF/classes started by root in /application)
2023-02-17 14:56:16.853  INFO [auth-server,,] 1 --- [           main] s.OAuth2AuthorizationServerApplication   : The following 1 profile is active: "docker"
2023-02-17 14:56:16.932  INFO [auth-server,,] 1 --- [           main] o.s.c.c.c.ConfigServerConfigDataLoader   : Fetching config from server at : http://config-server:8888
2023-02-17 14:56:16.938  INFO [auth-server,,] 1 --- [           main] o.s.c.c.c.ConfigServerConfigDataLoader   : Connect Timeout Exception on Url - http://config-server:8888. Will be trying the next url if available
2023-02-17 14:56:16.941  INFO [auth-server,,] 1 --- [           main] o.s.c.c.c.ConfigServerConfigDataLoader   : Fetching config from server at : http://config-server:8888
2023-02-17 14:56:16.941  INFO [auth-server,,] 1 --- [           main] o.s.c.c.c.ConfigServerConfigDataLoader   : Connect Timeout Exception on Url - http://config-server:8888. Will be trying the next url if available
2023-02-17 14:56:16.941  INFO [auth-server,,] 1 --- [           main] o.s.c.c.c.ConfigServerConfigDataLoader   : Fetching config from server at : http://config-server:8888
2023-02-17 14:56:16.941  INFO [auth-server,,] 1 --- [           main] o.s.c.c.c.ConfigServerConfigDataLoader   : Connect Timeout Exception on Url - http://config-server:8888. Will be trying the next url if available
2023-02-17 14:56:16.941  INFO [auth-server,,] 1 --- [           main] o.s.c.c.c.ConfigServerConfigDataLoader   : Fetching config from server at : http://config-server:8888
2023-02-17 14:56:16.941  INFO [auth-server,,] 1 --- [           main] o.s.c.c.c.ConfigServerConfigDataLoader   : Located environment: name=auth-server, profiles=[docker], label=null, version=null, state=null
2023-02-17 14:56:21.062  INFO [auth-server,,] 1 --- [           main] faultConfiguringBeanFactoryPostProcessor : No bean named 'errorChannel' has been explicitly defined. Therefore, a default PublishSubscribeChannel will be created.
2023-02-17 14:56:21.092  INFO [auth-server,,] 1 --- [           main] faultConfiguringBeanFactoryPostProcessor : No bean named 'integrationHeaderChannelRegistry' has been explicitly defined. Therefore, a default DefaultHeaderChannelRegistry will be created.
2023-02-17 14:56:21.316  INFO [auth-server,,] 1 --- [           main] o.s.cloud.context.scope.GenericScope     : BeanFactory id=c6390cdb-0ffd-3d57-829d-f1319085d79f
2023-02-17 14:56:22.695  INFO [auth-server,,] 1 --- [           main] trationDelegate$BeanPostProcessorChecker : Bean 'org.springframework.integration.config.IntegrationManagementConfiguration' of type [org.springframework.integration.config.IntegrationManagementConfiguration] is not eligible for getting processed by all BeanPostProcessors (for example: not eligible for auto-proxying)
2023-02-17 14:56:22.822  INFO [auth-server,,] 1 --- [           main] trationDelegate$BeanPostProcessorChecker : Bean 'integrationChannelResolver' of type [org.springframework.integration.support.channel.BeanFactoryChannelResolver] is not eligible for getting processed by all BeanPostProcessors (for example: not eligible for auto-proxying)
2023-02-17 14:56:24.290  INFO [auth-server,,] 1 --- [           main] o.s.b.w.embedded.tomcat.TomcatWebServer  : Tomcat initialized with port(s): 80 (http)
2023-02-17 14:56:24.359  INFO [auth-server,,] 1 --- [           main] o.apache.catalina.core.StandardService   : Starting service [Tomcat]
2023-02-17 14:56:24.365  INFO [auth-server,,] 1 --- [           main] org.apache.catalina.core.StandardEngine  : Starting Servlet engine: [Apache Tomcat/9.0.65]
2023-02-17 14:56:24.568  INFO [auth-server,,] 1 --- [           main] o.a.c.c.C.[Tomcat].[localhost].[/]       : Initializing Spring embedded WebApplicationContext
2023-02-17 14:56:24.573  INFO [auth-server,,] 1 --- [           main] w.s.c.ServletWebServerApplicationContext : Root WebApplicationContext: initialization completed in 7630 ms
2023-02-17 14:56:29.428  WARN [auth-server,,] 1 --- [           main] o.s.security.core.userdetails.User       : User.withDefaultPasswordEncoder() is considered unsafe for production and is only intended for sample applications.
2023-02-17 14:56:29.871  INFO [auth-server,,] 1 --- [           main] sample.config.AuthorizationServerConfig  : register OAUth client allowing all grant flows...
2023-02-17 14:56:31.521  INFO [auth-server,,] 1 --- [           main] o.s.s.web.DefaultSecurityFilterChain     : Will secure org.springframework.security.config.annotation.web.configurers.oauth2.server.authorization.OAuth2AuthorizationServerConfigurer$$Lambda$1019/0x0000000801286ae0@4687c184 with [org.springframework.security.web.session.DisableEncodeUrlFilter@65f3f9e2, org.springframework.security.web.context.request.async.WebAsyncManagerIntegrationFilter@394950ad, org.springframework.security.web.context.SecurityContextPersistenceFilter@c4455b4, org.springframework.security.web.header.HeaderWriterFilter@2b30b627, org.springframework.security.web.csrf.CsrfFilter@7fdf7359, org.springframework.security.web.authentication.logout.LogoutFilter@10466c55, org.springframework.security.oauth2.server.authorization.oidc.web.OidcProviderConfigurationEndpointFilter@54ec8ab3, org.springframework.security.oauth2.server.authorization.web.NimbusJwkSetEndpointFilter@1fb00a6d, org.springframework.security.oauth2.server.authorization.web.OAuth2AuthorizationEndpointFilter@37816ea6, org.springframework.security.oauth2.server.authorization.web.OAuth2ClientAuthenticationFilter@2dec57c5, org.springframework.security.web.savedrequest.RequestCacheAwareFilter@22e1a1dc, org.springframework.security.web.servletapi.SecurityContextHolderAwareRequestFilter@646c872a, org.springframework.security.web.authentication.AnonymousAuthenticationFilter@73dd3a46, org.springframework.security.web.session.SessionManagementFilter@1d4531fa, org.springframework.security.web.access.ExceptionTranslationFilter@589d831e, org.springframework.security.web.access.intercept.FilterSecurityInterceptor@f7b7720, org.springframework.security.oauth2.server.authorization.web.OAuth2TokenEndpointFilter@71806c64, org.springframework.security.oauth2.server.authorization.web.OAuth2TokenRevocationEndpointFilter@5d32f5db]
2023-02-17 14:56:31.575  INFO [auth-server,,] 1 --- [           main] o.s.s.web.DefaultSecurityFilterChain     : Will secure any request with [org.springframework.security.web.session.DisableEncodeUrlFilter@3b95fce9, org.springframework.security.web.context.request.async.WebAsyncManagerIntegrationFilter@f26cd76, org.springframework.security.web.context.SecurityContextPersistenceFilter@42457891, org.springframework.security.web.header.HeaderWriterFilter@ecb8b3e, org.springframework.security.web.csrf.CsrfFilter@68fa8ea5, org.springframework.security.web.authentication.logout.LogoutFilter@4d142b53, org.springframework.security.web.authentication.UsernamePasswordAuthenticationFilter@7f57a7a4, org.springframework.security.web.authentication.ui.DefaultLoginPageGeneratingFilter@17a5ae7b, org.springframework.security.web.authentication.ui.DefaultLogoutPageGeneratingFilter@78805df3, org.springframework.security.web.savedrequest.RequestCacheAwareFilter@92de794, org.springframework.security.web.servletapi.SecurityContextHolderAwareRequestFilter@5bed0ff4, org.springframework.security.web.authentication.AnonymousAuthenticationFilter@65a8c306, org.springframework.security.web.session.SessionManagementFilter@7e764e5c, org.springframework.security.web.access.ExceptionTranslationFilter@68c47cf9, org.springframework.security.web.access.intercept.FilterSecurityInterceptor@811d8d6]
2023-02-17 14:56:32.105  INFO [auth-server,,] 1 --- [           main] c.f.c.c.BeanFactoryAwareFunctionRegistry : Can't determine default function definition. Please use 'spring.cloud.function.definition' property to explicitly define it.
2023-02-17 14:56:32.472  INFO [auth-server,,] 1 --- [           main] o.s.b.a.e.web.EndpointLinksResolver      : Exposing 20 endpoint(s) beneath base path '/actuator'
2023-02-17 14:56:32.622  INFO [auth-server,,] 1 --- [           main] o.s.i.endpoint.EventDrivenConsumer       : Adding {logging-channel-adapter:_org.springframework.integration.errorLogger} as a subscriber to the 'errorChannel' channel
2023-02-17 14:56:32.622  INFO [auth-server,,] 1 --- [           main] o.s.i.channel.PublishSubscribeChannel    : Channel 'auth-server.errorChannel' has 1 subscriber(s).
2023-02-17 14:56:32.622  INFO [auth-server,,] 1 --- [           main] o.s.i.endpoint.EventDrivenConsumer       : started bean '_org.springframework.integration.errorLogger'
2023-02-17 14:56:32.653  INFO [auth-server,,] 1 --- [           main] o.s.b.w.embedded.tomcat.TomcatWebServer  : Tomcat started on port(s): 80 (http) with context path ''
2023-02-17 14:56:32.694  INFO [auth-server,,] 1 --- [           main] s.OAuth2AuthorizationServerApplication   : Started OAuth2AuthorizationServerApplication in 30.242 seconds (JVM running for 31.327)
2023-02-17 14:56:40.758  INFO [auth-server,fb1c7c01ffe2cd98,fb1c7c01ffe2cd98] 1 --- [p-nio-80-exec-1] o.a.c.c.C.[Tomcat].[localhost].[/]       : Initializing Spring DispatcherServlet 'dispatcherServlet'
2023-02-17 14:56:40.758  INFO [auth-server,fb1c7c01ffe2cd98,fb1c7c01ffe2cd98] 1 --- [p-nio-80-exec-1] o.s.web.servlet.DispatcherServlet        : Initializing Servlet 'dispatcherServlet'
2023-02-17 14:56:40.759  INFO [auth-server,fb1c7c01ffe2cd98,fb1c7c01ffe2cd98] 1 --- [p-nio-80-exec-1] o.s.web.servlet.DispatcherServlet        : Completed initialization in 1 ms
2023-02-17 14:56:40.797  INFO [auth-server,fb1c7c01ffe2cd98,fb1c7c01ffe2cd98] 1 --- [p-nio-80-exec-1] o.s.a.r.c.CachingConnectionFactory       : Attempting to connect to: [rabbitmq:5672]
2023-02-17 14:56:40.806  INFO [auth-server,fb1c7c01ffe2cd98,fb1c7c01ffe2cd98] 1 --- [p-nio-80-exec-1] o.s.a.r.c.CachingConnectionFactory       : Created new connection: rabbitConnectionFactory#3df04fa1:0/SimpleConnection@528b34e4 [delegate=amqp://guest@10.96.137.188:5672/, localPort= 39772]
