
  .   ____          _            __ _ _
 /\\ / ___'_ __ _ _(_)_ __  __ _ \ \ \ \
( ( )\___ | '_ | '_| | '_ \/ _` | \ \ \ \
 \\/  ___)| |_)| | | | | || (_| |  ) ) ) )
  '  |____| .__|_| |_|_| |_\__, | / / / /
 =========|_|==============|___/=/_/_/_/
 :: Spring Boot ::                (v2.7.3)

2023-02-17 14:56:15.364  INFO [product,,] 1 --- [           main] s.m.m.c.p.ProductServiceApplication      : Starting ProductServiceApplication using Java 17.0.4 on product-55dcb77f5f-4s99q with PID 1 (/application/BOOT-INF/classes started by root in /application)
2023-02-17 14:56:15.368 DEBUG [product,,] 1 --- [           main] s.m.m.c.p.ProductServiceApplication      : Running with Spring Boot v2.7.3, Spring v5.3.22
2023-02-17 14:56:15.369  INFO [product,,] 1 --- [           main] s.m.m.c.p.ProductServiceApplication      : The following 1 profile is active: "docker"
2023-02-17 14:56:15.447  INFO [product,,] 1 --- [           main] o.s.c.c.c.ConfigServerConfigDataLoader   : Fetching config from server at : http://config-server:8888
2023-02-17 14:56:15.448  INFO [product,,] 1 --- [           main] o.s.c.c.c.ConfigServerConfigDataLoader   : Connect Timeout Exception on Url - http://config-server:8888. Will be trying the next url if available
2023-02-17 14:56:15.448  INFO [product,,] 1 --- [           main] o.s.c.c.c.ConfigServerConfigDataLoader   : Fetching config from server at : http://config-server:8888
2023-02-17 14:56:15.448  INFO [product,,] 1 --- [           main] o.s.c.c.c.ConfigServerConfigDataLoader   : Connect Timeout Exception on Url - http://config-server:8888. Will be trying the next url if available
2023-02-17 14:56:15.448  INFO [product,,] 1 --- [           main] o.s.c.c.c.ConfigServerConfigDataLoader   : Fetching config from server at : http://config-server:8888
2023-02-17 14:56:15.449  INFO [product,,] 1 --- [           main] o.s.c.c.c.ConfigServerConfigDataLoader   : Connect Timeout Exception on Url - http://config-server:8888. Will be trying the next url if available
2023-02-17 14:56:15.452  INFO [product,,] 1 --- [           main] o.s.c.c.c.ConfigServerConfigDataLoader   : Fetching config from server at : http://config-server:8888
2023-02-17 14:56:15.453  INFO [product,,] 1 --- [           main] o.s.c.c.c.ConfigServerConfigDataLoader   : Located environment: name=product, profiles=[docker], label=null, version=null, state=null
2023-02-17 14:56:18.898  INFO [product,,] 1 --- [           main] .s.d.r.c.RepositoryConfigurationDelegate : Bootstrapping Spring Data Reactive MongoDB repositories in DEFAULT mode.
2023-02-17 14:56:19.162  INFO [product,,] 1 --- [           main] .s.d.r.c.RepositoryConfigurationDelegate : Finished Spring Data repository scanning in 261 ms. Found 1 Reactive MongoDB repository interfaces.
2023-02-17 14:56:19.855  INFO [product,,] 1 --- [           main] faultConfiguringBeanFactoryPostProcessor : No bean named 'errorChannel' has been explicitly defined. Therefore, a default PublishSubscribeChannel will be created.
2023-02-17 14:56:19.899  INFO [product,,] 1 --- [           main] faultConfiguringBeanFactoryPostProcessor : No bean named 'integrationHeaderChannelRegistry' has been explicitly defined. Therefore, a default DefaultHeaderChannelRegistry will be created.
2023-02-17 14:56:20.262  INFO [product,,] 1 --- [           main] o.s.cloud.context.scope.GenericScope     : BeanFactory id=1750a450-6105-3aa8-a5e8-b4916b55b333
2023-02-17 14:56:20.956  INFO [product,,] 1 --- [           main] trationDelegate$BeanPostProcessorChecker : Bean 'org.springframework.integration.config.IntegrationManagementConfiguration' of type [org.springframework.integration.config.IntegrationManagementConfiguration] is not eligible for getting processed by all BeanPostProcessors (for example: not eligible for auto-proxying)
2023-02-17 14:56:20.992  INFO [product,,] 1 --- [           main] trationDelegate$BeanPostProcessorChecker : Bean 'integrationChannelResolver' of type [org.springframework.integration.support.channel.BeanFactoryChannelResolver] is not eligible for getting processed by all BeanPostProcessors (for example: not eligible for auto-proxying)
2023-02-17 14:56:24.397  INFO [product,,] 1 --- [           main] org.mongodb.driver.client                : MongoClient with metadata {"driver": {"name": "mongo-java-driver|reactive-streams|spring-boot", "version": "4.6.1"}, "os": {"type": "Linux", "name": "Linux", "architecture": "aarch64", "version": "5.15.49-linuxkit"}, "platform": "Java/Eclipse Adoptium/17.0.4+8"} created with settings MongoClientSettings{readPreference=primary, writeConcern=WriteConcern{w=null, wTimeout=null ms, journal=null}, retryWrites=true, retryReads=true, readConcern=ReadConcern{level=null}, credential=null, streamFactoryFactory=NettyStreamFactoryFactory{eventLoopGroup=io.netty.channel.nio.NioEventLoopGroup@ca60688, socketChannelClass=class io.netty.channel.socket.nio.NioSocketChannel, allocator=PooledByteBufAllocator(directByDefault: true), sslContext=null}, commandListeners=[io.micrometer.core.instrument.binder.mongodb.MongoMetricsCommandListener@4ba1c1a2, org.springframework.cloud.sleuth.instrument.mongodb.TraceMongoCommandListener@33568e26], codecRegistry=ProvidersCodecRegistry{codecProviders=[ValueCodecProvider{}, BsonValueCodecProvider{}, DBRefCodecProvider{}, DBObjectCodecProvider{}, DocumentCodecProvider{}, IterableCodecProvider{}, MapCodecProvider{}, GeoJsonCodecProvider{}, GridFSFileCodecProvider{}, Jsr310CodecProvider{}, JsonObjectCodecProvider{}, BsonCodecProvider{}, EnumCodecProvider{}, com.mongodb.Jep395RecordCodecProvider@97b84a4]}, clusterSettings={hosts=[mongodb:27017], srvServiceName=mongodb, mode=SINGLE, requiredClusterType=UNKNOWN, requiredReplicaSetName='null', serverSelector='null', clusterListeners='[]', serverSelectionTimeout='30000 ms', localThreshold='30000 ms'}, socketSettings=SocketSettings{connectTimeoutMS=10000, readTimeoutMS=0, receiveBufferSize=0, sendBufferSize=0}, heartbeatSocketSettings=SocketSettings{connectTimeoutMS=10000, readTimeoutMS=10000, receiveBufferSize=0, sendBufferSize=0}, connectionPoolSettings=ConnectionPoolSettings{maxSize=100, minSize=0, maxWaitTimeMS=120000, maxConnectionLifeTimeMS=0, maxConnectionIdleTimeMS=0, maintenanceInitialDelayMS=0, maintenanceFrequencyMS=60000, connectionPoolListeners=[io.micrometer.core.instrument.binder.mongodb.MongoMetricsConnectionPoolListener@35555145], maxConnecting=2}, serverSettings=ServerSettings{heartbeatFrequencyMS=10000, minHeartbeatFrequencyMS=500, serverListeners='[]', serverMonitorListeners='[]'}, sslSettings=SslSettings{enabled=false, invalidHostNameAllowed=false, context=null}, applicationName='null', compressorList=[], uuidRepresentation=JAVA_LEGACY, serverApi=null, autoEncryptionSettings=null, contextProvider=org.springframework.cloud.sleuth.instrument.mongodb.TraceReactiveMongoClientSettingsBuilderCustomizer$$Lambda$880/0x0000000801220000@70bc3a9c}
2023-02-17 14:56:24.597  INFO [product,,] 1 --- [}-mongodb:27017] org.mongodb.driver.connection            : Opened connection [connectionId{localValue:2, serverValue:3}] to mongodb:27017
2023-02-17 14:56:24.597  INFO [product,,] 1 --- [}-mongodb:27017] org.mongodb.driver.connection            : Opened connection [connectionId{localValue:1, serverValue:4}] to mongodb:27017
2023-02-17 14:56:24.597  INFO [product,,] 1 --- [}-mongodb:27017] org.mongodb.driver.cluster               : Monitor thread successfully connected to server with description ServerDescription{address=mongodb:27017, type=STANDALONE, state=CONNECTED, ok=true, minWireVersion=0, maxWireVersion=9, maxDocumentSize=16777216, logicalSessionTimeoutMinutes=30, roundTripTimeNanos=159954041}
2023-02-17 14:56:28.464  INFO [product,,] 1 --- [           main] o.s.b.a.e.web.EndpointLinksResolver      : Exposing 20 endpoint(s) beneath base path '/actuator'
2023-02-17 14:56:29.144  INFO [product,,] 1 --- [           main] o.s.c.s.m.DirectWithAttributesChannel    : Channel 'product.messageProcessor-in-0' has 1 subscriber(s).
2023-02-17 14:56:30.102  INFO [product,,] 1 --- [           main] o.s.i.endpoint.EventDrivenConsumer       : Adding {logging-channel-adapter:_org.springframework.integration.errorLogger} as a subscriber to the 'errorChannel' channel
2023-02-17 14:56:30.102  INFO [product,,] 1 --- [           main] o.s.i.channel.PublishSubscribeChannel    : Channel 'product.errorChannel' has 1 subscriber(s).
2023-02-17 14:56:30.102  INFO [product,,] 1 --- [           main] o.s.i.endpoint.EventDrivenConsumer       : started bean '_org.springframework.integration.errorLogger'
2023-02-17 14:56:30.103  INFO [product,,] 1 --- [           main] o.s.c.s.binder.DefaultBinderFactory      : Creating binder: rabbit
2023-02-17 14:56:31.039  INFO [product,,] 1 --- [ntLoopGroup-3-1] org.mongodb.driver.connection            : Opened connection [connectionId{localValue:3, serverValue:6}] to mongodb:27017
2023-02-17 14:56:31.130  INFO [product,,] 1 --- [           main] o.s.c.s.binder.DefaultBinderFactory      : Caching the binder: rabbit
2023-02-17 14:56:31.130  INFO [product,,] 1 --- [           main] o.s.c.s.binder.DefaultBinderFactory      : Retrieving cached binder: rabbit
2023-02-17 14:56:31.383  INFO [product,,] 1 --- [           main] c.s.b.r.p.RabbitExchangeQueueProvisioner : declaring queue for inbound: products.productsGroup, bound to: products
2023-02-17 14:56:31.387  INFO [product,,] 1 --- [           main] o.s.a.r.c.CachingConnectionFactory       : Attempting to connect to: [rabbitmq:5672]
2023-02-17 14:56:31.408  INFO [product,,] 1 --- [           main] o.s.a.r.c.CachingConnectionFactory       : Created new connection: rabbitConnectionFactory#377e90b0:0/SimpleConnection@2f9d47a3 [delegate=amqp://guest@10.96.137.188:5672/, localPort= 57946]
2023-02-17 14:56:31.513  INFO [product,,] 1 --- [           main] o.s.c.stream.binder.BinderErrorChannel   : Channel 'products.productsGroup.errors' has 1 subscriber(s).
2023-02-17 14:56:31.519  INFO [product,,] 1 --- [           main] o.s.c.stream.binder.BinderErrorChannel   : Channel 'products.productsGroup.errors' has 2 subscriber(s).
2023-02-17 14:56:31.554  INFO [product,,] 1 --- [           main] o.s.i.a.i.AmqpInboundChannelAdapter      : started bean 'inbound.products.productsGroup'
2023-02-17 14:56:31.625  INFO [product,,] 1 --- [           main] o.s.b.web.embedded.netty.NettyWebServer  : Netty started on port 80
2023-02-17 14:56:31.801  INFO [product,,] 1 --- [           main] s.m.m.c.p.ProductServiceApplication      : Started ProductServiceApplication in 30.702 seconds (JVM running for 31.259)
2023-02-17 14:56:31.813  INFO [product,,] 1 --- [           main] s.m.m.c.p.ProductServiceApplication      : Connected to MongoDb: mongodb:27017
