
  .   ____          _            __ _ _
 /\\ / ___'_ __ _ _(_)_ __  __ _ \ \ \ \
( ( )\___ | '_ | '_| | '_ \/ _` | \ \ \ \
 \\/  ___)| |_)| | | | | || (_| |  ) ) ) )
  '  |____| .__|_| |_|_| |_\__, | / / / /
 =========|_|==============|___/=/_/_/_/
 :: Spring Boot ::                (v2.7.3)

2023-02-17 14:56:12.269  INFO [recommendation,,] 1 --- [           main] m.m.c.r.RecommendationServiceApplication : Starting RecommendationServiceApplication using Java 17.0.4 on recommendation-776848d5b9-v5cnv with PID 1 (/application/BOOT-INF/classes started by root in /application)
2023-02-17 14:56:12.276 DEBUG [recommendation,,] 1 --- [           main] m.m.c.r.RecommendationServiceApplication : Running with Spring Boot v2.7.3, Spring v5.3.22
2023-02-17 14:56:12.277  INFO [recommendation,,] 1 --- [           main] m.m.c.r.RecommendationServiceApplication : The following 1 profile is active: "docker"
2023-02-17 14:56:12.396  INFO [recommendation,,] 1 --- [           main] o.s.c.c.c.ConfigServerConfigDataLoader   : Fetching config from server at : http://config-server:8888
2023-02-17 14:56:12.396  INFO [recommendation,,] 1 --- [           main] o.s.c.c.c.ConfigServerConfigDataLoader   : Connect Timeout Exception on Url - http://config-server:8888. Will be trying the next url if available
2023-02-17 14:56:12.396  INFO [recommendation,,] 1 --- [           main] o.s.c.c.c.ConfigServerConfigDataLoader   : Fetching config from server at : http://config-server:8888
2023-02-17 14:56:12.396  INFO [recommendation,,] 1 --- [           main] o.s.c.c.c.ConfigServerConfigDataLoader   : Connect Timeout Exception on Url - http://config-server:8888. Will be trying the next url if available
2023-02-17 14:56:12.396  INFO [recommendation,,] 1 --- [           main] o.s.c.c.c.ConfigServerConfigDataLoader   : Fetching config from server at : http://config-server:8888
2023-02-17 14:56:12.396  INFO [recommendation,,] 1 --- [           main] o.s.c.c.c.ConfigServerConfigDataLoader   : Located environment: name=recommendation, profiles=[docker], label=null, version=null, state=null
2023-02-17 14:56:14.856  INFO [recommendation,,] 1 --- [           main] .s.d.r.c.RepositoryConfigurationDelegate : Bootstrapping Spring Data Reactive MongoDB repositories in DEFAULT mode.
2023-02-17 14:56:15.118  INFO [recommendation,,] 1 --- [           main] .s.d.r.c.RepositoryConfigurationDelegate : Finished Spring Data repository scanning in 259 ms. Found 1 Reactive MongoDB repository interfaces.
2023-02-17 14:56:15.763  INFO [recommendation,,] 1 --- [           main] faultConfiguringBeanFactoryPostProcessor : No bean named 'errorChannel' has been explicitly defined. Therefore, a default PublishSubscribeChannel will be created.
2023-02-17 14:56:15.783  INFO [recommendation,,] 1 --- [           main] faultConfiguringBeanFactoryPostProcessor : No bean named 'integrationHeaderChannelRegistry' has been explicitly defined. Therefore, a default DefaultHeaderChannelRegistry will be created.
2023-02-17 14:56:15.978  INFO [recommendation,,] 1 --- [           main] o.s.cloud.context.scope.GenericScope     : BeanFactory id=7c85e517-97ea-39eb-8460-0430b25ac433
2023-02-17 14:56:16.802  INFO [recommendation,,] 1 --- [           main] trationDelegate$BeanPostProcessorChecker : Bean 'org.springframework.integration.config.IntegrationManagementConfiguration' of type [org.springframework.integration.config.IntegrationManagementConfiguration] is not eligible for getting processed by all BeanPostProcessors (for example: not eligible for auto-proxying)
2023-02-17 14:56:16.860  INFO [recommendation,,] 1 --- [           main] trationDelegate$BeanPostProcessorChecker : Bean 'integrationChannelResolver' of type [org.springframework.integration.support.channel.BeanFactoryChannelResolver] is not eligible for getting processed by all BeanPostProcessors (for example: not eligible for auto-proxying)
2023-02-17 14:56:19.380  INFO [recommendation,,] 1 --- [           main] org.mongodb.driver.client                : MongoClient with metadata {"driver": {"name": "mongo-java-driver|reactive-streams|spring-boot", "version": "4.6.1"}, "os": {"type": "Linux", "name": "Linux", "architecture": "aarch64", "version": "5.15.49-linuxkit"}, "platform": "Java/Eclipse Adoptium/17.0.4+8"} created with settings MongoClientSettings{readPreference=primary, writeConcern=WriteConcern{w=null, wTimeout=null ms, journal=null}, retryWrites=true, retryReads=true, readConcern=ReadConcern{level=null}, credential=null, streamFactoryFactory=NettyStreamFactoryFactory{eventLoopGroup=io.netty.channel.nio.NioEventLoopGroup@3d57fb9e, socketChannelClass=class io.netty.channel.socket.nio.NioSocketChannel, allocator=PooledByteBufAllocator(directByDefault: true), sslContext=null}, commandListeners=[io.micrometer.core.instrument.binder.mongodb.MongoMetricsCommandListener@2c2e5e72, org.springframework.cloud.sleuth.instrument.mongodb.TraceMongoCommandListener@3e489ac1], codecRegistry=ProvidersCodecRegistry{codecProviders=[ValueCodecProvider{}, BsonValueCodecProvider{}, DBRefCodecProvider{}, DBObjectCodecProvider{}, DocumentCodecProvider{}, IterableCodecProvider{}, MapCodecProvider{}, GeoJsonCodecProvider{}, GridFSFileCodecProvider{}, Jsr310CodecProvider{}, JsonObjectCodecProvider{}, BsonCodecProvider{}, EnumCodecProvider{}, com.mongodb.Jep395RecordCodecProvider@26888c31]}, clusterSettings={hosts=[mongodb:27017], srvServiceName=mongodb, mode=SINGLE, requiredClusterType=UNKNOWN, requiredReplicaSetName='null', serverSelector='null', clusterListeners='[]', serverSelectionTimeout='30000 ms', localThreshold='30000 ms'}, socketSettings=SocketSettings{connectTimeoutMS=10000, readTimeoutMS=0, receiveBufferSize=0, sendBufferSize=0}, heartbeatSocketSettings=SocketSettings{connectTimeoutMS=10000, readTimeoutMS=10000, receiveBufferSize=0, sendBufferSize=0}, connectionPoolSettings=ConnectionPoolSettings{maxSize=100, minSize=0, maxWaitTimeMS=120000, maxConnectionLifeTimeMS=0, maxConnectionIdleTimeMS=0, maintenanceInitialDelayMS=0, maintenanceFrequencyMS=60000, connectionPoolListeners=[io.micrometer.core.instrument.binder.mongodb.MongoMetricsConnectionPoolListener@24010875], maxConnecting=2}, serverSettings=ServerSettings{heartbeatFrequencyMS=10000, minHeartbeatFrequencyMS=500, serverListeners='[]', serverMonitorListeners='[]'}, sslSettings=SslSettings{enabled=false, invalidHostNameAllowed=false, context=null}, applicationName='null', compressorList=[], uuidRepresentation=JAVA_LEGACY, serverApi=null, autoEncryptionSettings=null, contextProvider=org.springframework.cloud.sleuth.instrument.mongodb.TraceReactiveMongoClientSettingsBuilderCustomizer$$Lambda$881/0x00000008012211d8@7a021f49}
2023-02-17 14:56:19.631  INFO [recommendation,,] 1 --- [}-mongodb:27017] org.mongodb.driver.connection            : Opened connection [connectionId{localValue:1, serverValue:2}] to mongodb:27017
2023-02-17 14:56:19.631  INFO [recommendation,,] 1 --- [}-mongodb:27017] org.mongodb.driver.cluster               : Monitor thread successfully connected to server with description ServerDescription{address=mongodb:27017, type=STANDALONE, state=CONNECTED, ok=true, minWireVersion=0, maxWireVersion=9, maxDocumentSize=16777216, logicalSessionTimeoutMinutes=30, roundTripTimeNanos=241406208}
2023-02-17 14:56:19.632  INFO [recommendation,,] 1 --- [}-mongodb:27017] org.mongodb.driver.connection            : Opened connection [connectionId{localValue:2, serverValue:1}] to mongodb:27017
2023-02-17 14:56:23.862  INFO [recommendation,,] 1 --- [           main] o.s.b.a.e.web.EndpointLinksResolver      : Exposing 20 endpoint(s) beneath base path '/actuator'
2023-02-17 14:56:24.992  INFO [recommendation,,] 1 --- [           main] o.s.c.s.m.DirectWithAttributesChannel    : Channel 'recommendation.messageProcessor-in-0' has 1 subscriber(s).
2023-02-17 14:56:26.247  INFO [recommendation,,] 1 --- [           main] o.s.i.endpoint.EventDrivenConsumer       : Adding {logging-channel-adapter:_org.springframework.integration.errorLogger} as a subscriber to the 'errorChannel' channel
2023-02-17 14:56:26.263  INFO [recommendation,,] 1 --- [           main] o.s.i.channel.PublishSubscribeChannel    : Channel 'recommendation.errorChannel' has 1 subscriber(s).
2023-02-17 14:56:26.264  INFO [recommendation,,] 1 --- [           main] o.s.i.endpoint.EventDrivenConsumer       : started bean '_org.springframework.integration.errorLogger'
2023-02-17 14:56:26.265  INFO [recommendation,,] 1 --- [           main] o.s.c.s.binder.DefaultBinderFactory      : Creating binder: rabbit
2023-02-17 14:56:27.321  INFO [recommendation,,] 1 --- [ntLoopGroup-3-1] org.mongodb.driver.connection            : Opened connection [connectionId{localValue:3, serverValue:5}] to mongodb:27017
2023-02-17 14:56:27.421  INFO [recommendation,,] 1 --- [           main] o.s.c.s.binder.DefaultBinderFactory      : Caching the binder: rabbit
2023-02-17 14:56:27.422  INFO [recommendation,,] 1 --- [           main] o.s.c.s.binder.DefaultBinderFactory      : Retrieving cached binder: rabbit
2023-02-17 14:56:27.808  INFO [recommendation,,] 1 --- [           main] c.s.b.r.p.RabbitExchangeQueueProvisioner : declaring queue for inbound: recommendations.recommendationsGroup, bound to: recommendations
2023-02-17 14:56:27.813  INFO [recommendation,,] 1 --- [           main] o.s.a.r.c.CachingConnectionFactory       : Attempting to connect to: [rabbitmq:5672]
2023-02-17 14:56:27.876  INFO [recommendation,,] 1 --- [           main] o.s.a.r.c.CachingConnectionFactory       : Created new connection: rabbitConnectionFactory#37364634:0/SimpleConnection@3fe7c87c [delegate=amqp://guest@10.96.137.188:5672/, localPort= 48200]
2023-02-17 14:56:28.142  INFO [recommendation,,] 1 --- [           main] o.s.c.stream.binder.BinderErrorChannel   : Channel 'recommendations.recommendationsGroup.errors' has 1 subscriber(s).
2023-02-17 14:56:28.143  INFO [recommendation,,] 1 --- [           main] o.s.c.stream.binder.BinderErrorChannel   : Channel 'recommendations.recommendationsGroup.errors' has 2 subscriber(s).
2023-02-17 14:56:28.199  INFO [recommendation,,] 1 --- [           main] o.s.i.a.i.AmqpInboundChannelAdapter      : started bean 'inbound.recommendations.recommendationsGroup'
2023-02-17 14:56:28.325  INFO [recommendation,,] 1 --- [           main] o.s.b.web.embedded.netty.NettyWebServer  : Netty started on port 80
2023-02-17 14:56:28.478  INFO [recommendation,,] 1 --- [           main] m.m.c.r.RecommendationServiceApplication : Started RecommendationServiceApplication in 25.723 seconds (JVM running for 27.053)
2023-02-17 14:56:28.487  INFO [recommendation,,] 1 --- [           main] m.m.c.r.RecommendationServiceApplication : Connected to MongoDb: mongodb:27017
